2025-01-30 14:21:25,804 - INFO - Starting initial data sync...
2025-01-30 14:21:25,804 - ERROR - Error during sync: Please set your API_FOOTBALL_KEY environment variable!
2025-01-30 14:23:15,079 - INFO - Starting initial data sync...
2025-01-30 14:23:15,081 - INFO - Fetching squad data...
2025-01-30 14:23:15,404 - ERROR - Error during sync: API Error: Error/Missing application key. Go to https://www.api-football.com/documentation-v3 to learn how to get your API application key.
2025-01-30 14:23:54,413 - INFO - Starting initial data sync...
2025-01-30 14:23:54,414 - INFO - Fetching squad data...
2025-01-30 14:23:54,699 - ERROR - Error during sync: API Error: Error/Missing application key. Go to https://www.api-football.com/documentation-v3 to learn how to get your API application key.
2025-01-30 14:25:45,610 - INFO - Starting initial data sync...
2025-01-30 14:25:45,611 - INFO - Fetching squad data...
2025-01-30 14:25:46,229 - ERROR - Error during sync: API Error: Free plans do not have access to this season, try from 2021 to 2023.
2025-01-30 14:26:09,940 - INFO - Starting initial data sync...
2025-01-30 14:26:09,941 - INFO - Fetching squad data...
2025-01-30 14:26:12,313 - ERROR - Error during sync: API Error: Too many requests. Your rate limit is 10 requests per minute.
2025-01-30 14:26:48,376 - INFO - Starting initial data sync...
2025-01-30 14:26:48,377 - INFO - Fetching squad data...
2025-01-30 14:26:48,621 - ERROR - Error during sync: API Error: Too many requests. Your rate limit is 10 requests per minute.
2025-01-30 14:30:23,243 - INFO - Starting initial data sync...
2025-01-30 14:30:23,244 - INFO - Fetching squad data...
2025-01-30 14:34:04,634 - INFO - ✓ Squad data synced
2025-01-30 14:34:04,635 - INFO - Fetching match data...
2025-01-30 14:34:11,111 - ERROR - Error during sync: Couldn't get match data from API!
2025-01-30 14:35:24,670 - INFO - Starting initial data sync...
2025-01-30 14:35:24,670 - INFO - Fetching squad data...
2025-01-30 14:38:40,004 - ERROR - Error during sync: API Error: You have reached the request limit for the day, Go to https://dashboard.api-football.com to upgrade your plan.
2025-01-30 14:44:22,889 - INFO - Starting initial data sync...
2025-01-30 14:44:22,890 - INFO - Fetching squad data...
2025-01-30 14:44:29,294 - INFO - ✓ Squad data synced
2025-01-30 14:44:29,294 - INFO - Fetching match data...
2025-01-30 14:44:29,444 - ERROR - Error during sync: Couldn't get match data from API!
2025-01-30 14:46:07,309 - INFO - Starting initial data sync...
2025-01-30 14:46:07,310 - INFO - Fetching squad data...
2025-01-30 14:46:12,331 - INFO - ✓ Squad data synced
2025-01-30 14:46:12,332 - INFO - Fetching match data...
2025-01-30 14:46:12,485 - ERROR - Error during sync: Couldn't get match data from API - empty response
2025-01-30 14:46:33,541 - INFO - Starting initial data sync...
2025-01-30 14:46:33,542 - INFO - Fetching squad data...
2025-01-30 14:46:38,547 - INFO - ✓ Squad data synced
2025-01-30 14:46:38,548 - INFO - Fetching match data...
2025-01-30 14:46:38,712 - ERROR - Error during sync: Couldn't get match data from API - empty response
2025-01-30 14:47:30,210 - INFO - Starting initial squad data sync...
2025-01-30 14:47:30,211 - INFO - Fetching squad data...
2025-01-30 14:47:35,429 - INFO - ✓ Squad data synced
2025-01-30 14:47:35,429 - INFO - Initial sync completed in 5.2 seconds
2025-01-30 14:47:35,429 - INFO - 
Data sync summary:
2025-01-30 14:47:35,453 - INFO - Players synced: 34
2025-01-30 14:47:35,453 - INFO - - A. Whiteman (Goalkeeper)
2025-01-30 14:47:35,453 - INFO - - A. Gray (Midfielder)
2025-01-30 14:47:35,454 - INFO - - R. Drăgușin (Defender)
2025-01-30 14:47:35,454 - INFO - - G. Vicario (Goalkeeper)
2025-01-30 14:47:35,454 - INFO - - Yang Min-Hyeok (Attacker)
2025-01-30 14:47:35,454 - INFO - - W. Lankshear (Attacker)
2025-01-30 14:47:35,454 - INFO - - W. Odobert (Attacker)
2025-01-30 14:47:35,454 - INFO - - Dante Jamel Cassanova (Defender)
2025-01-30 14:47:35,455 - INFO - - M. Hardy (Defender)
2025-01-30 14:47:35,455 - INFO - - D. Kulusevski (Midfielder)
2025-01-30 14:47:35,455 - INFO - - D. Spence (Defender)
2025-01-30 14:47:35,456 - INFO - - P. Sarr (Midfielder)
2025-01-30 14:47:35,456 - INFO - - B. Davies (Defender)
2025-01-30 14:47:35,456 - INFO - - B. Austin (Goalkeeper)
2025-01-30 14:47:35,456 - INFO - - Y. Bissouma (Midfielder)
2025-01-30 14:47:35,456 - INFO - - L. Bergvall (Midfielder)
2025-01-30 14:47:35,456 - INFO - - M. van de Ven (Defender)
2025-01-30 14:47:35,457 - INFO - - M. Moore (Attacker)
2025-01-30 14:47:35,457 - INFO - - Richarlison (Attacker)
2025-01-30 14:47:35,457 - INFO - - D. Scarlett (Attacker)
2025-01-30 14:47:35,457 - INFO - - D. Ajayi (Attacker)
2025-01-30 14:47:35,457 - INFO - - Reguilón (Defender)
2025-01-30 14:47:35,457 - INFO - - A. Kinský (Goalkeeper)
2025-01-30 14:47:35,458 - INFO - - R. Bentancur (Midfielder)
2025-01-30 14:47:35,458 - INFO - - F. Forster (Goalkeeper)
2025-01-30 14:47:35,458 - INFO - - Son Heung-Min (Attacker)
2025-01-30 14:47:35,458 - INFO - - J. Maddison (Midfielder)
2025-01-30 14:47:35,459 - INFO - - C. Olusesi (Midfielder)
2025-01-30 14:47:35,459 - INFO - - T. Werner (Attacker)
2025-01-30 14:47:35,459 - INFO - - Pedro Porro (Defender)
2025-01-30 14:47:35,459 - INFO - - D. Udogie (Defender)
2025-01-30 14:47:35,459 - INFO - - C. Romero (Defender)
2025-01-30 14:47:35,459 - INFO - - B. Johnson (Attacker)
2025-01-30 14:47:35,460 - INFO - - D. Solanke (Attacker)
